c:\users\ziwei zhu\documents\visual studio 2015\projects\bigproject\bigproject\x64\debug\vc140.pdb
c:\users\ziwei zhu\documents\visual studio 2015\projects\bigproject\bigproject\x64\debug\tools.obj
c:\users\ziwei zhu\documents\visual studio 2015\projects\bigproject\bigproject\x64\debug\surface.obj
c:\users\ziwei zhu\documents\visual studio 2015\projects\bigproject\bigproject\x64\debug\sphere.obj
c:\users\ziwei zhu\documents\visual studio 2015\projects\bigproject\bigproject\x64\debug\raytracingscene.obj
c:\users\ziwei zhu\documents\visual studio 2015\projects\bigproject\bigproject\x64\debug\point3.obj
c:\users\ziwei zhu\documents\visual studio 2015\projects\bigproject\bigproject\x64\debug\paintview.obj
c:\users\ziwei zhu\documents\visual studio 2015\projects\bigproject\bigproject\x64\debug\mesh.obj
c:\users\ziwei zhu\documents\visual studio 2015\projects\bigproject\bigproject\x64\debug\mainwindow.obj
c:\users\ziwei zhu\documents\visual studio 2015\projects\bigproject\bigproject\x64\debug\main.obj
c:\users\ziwei zhu\documents\visual studio 2015\projects\bigproject\bigproject\x64\debug\geometry.obj
c:\users\ziwei zhu\documents\visual studio 2015\projects\bigproject\bigproject\x64\debug\moc_raytracingscene.obj
c:\users\ziwei zhu\documents\visual studio 2015\projects\bigproject\bigproject\x64\debug\moc_paintview.obj
c:\users\ziwei zhu\documents\visual studio 2015\projects\bigproject\bigproject\x64\debug\moc_mainwindow.obj
c:\users\ziwei zhu\documents\visual studio 2015\projects\bigproject\bigproject\x64\debug\easylogging++.obj
c:\users\ziwei zhu\documents\visual studio 2015\projects\bigproject\bigproject\x64\debug\cuboid.obj
c:\users\ziwei zhu\documents\visual studio 2015\projects\bigproject\bigproject\x64\debug\bessel.obj
c:\users\ziwei zhu\documents\visual studio 2015\projects\bigproject\bigproject\x64\debug\qrc_mainwindow.obj
c:\users\ziwei zhu\documents\visual studio 2015\projects\bigproject\bigproject\generatedfiles\debug\moc_mainwindow.cpp
c:\users\ziwei zhu\documents\visual studio 2015\projects\bigproject\bigproject\generatedfiles\ui_mainwindow.h
c:\users\ziwei zhu\documents\visual studio 2015\projects\bigproject\bigproject\generatedfiles\debug\moc_raytracingscene.cpp
c:\users\ziwei zhu\documents\visual studio 2015\projects\bigproject\bigproject\generatedfiles\debug\moc_paintview.cpp
c:\users\ziwei zhu\documents\visual studio 2015\projects\bigproject\bigproject\generatedfiles\qrc_mainwindow.cpp
c:\users\ziwei zhu\documents\visual studio 2015\projects\bigproject\x64\debug\bigproject.ilk
c:\users\ziwei zhu\documents\visual studio 2015\projects\bigproject\x64\debug\bigproject.exe
c:\users\ziwei zhu\documents\visual studio 2015\projects\bigproject\x64\debug\bigproject.pdb
c:\users\ziwei zhu\documents\visual studio 2015\projects\bigproject\bigproject\x64\debug\bigproject.tlog\cl.command.1.tlog
c:\users\ziwei zhu\documents\visual studio 2015\projects\bigproject\bigproject\x64\debug\bigproject.tlog\cl.read.1.tlog
c:\users\ziwei zhu\documents\visual studio 2015\projects\bigproject\bigproject\x64\debug\bigproject.tlog\cl.write.1.tlog
c:\users\ziwei zhu\documents\visual studio 2015\projects\bigproject\bigproject\x64\debug\bigproject.tlog\custombuild.command.1.tlog
c:\users\ziwei zhu\documents\visual studio 2015\projects\bigproject\bigproject\x64\debug\bigproject.tlog\custombuild.read.1.tlog
c:\users\ziwei zhu\documents\visual studio 2015\projects\bigproject\bigproject\x64\debug\bigproject.tlog\custombuild.write.1.tlog
c:\users\ziwei zhu\documents\visual studio 2015\projects\bigproject\bigproject\x64\debug\bigproject.tlog\link.command.1.tlog
c:\users\ziwei zhu\documents\visual studio 2015\projects\bigproject\bigproject\x64\debug\bigproject.tlog\link.read.1.tlog
c:\users\ziwei zhu\documents\visual studio 2015\projects\bigproject\bigproject\x64\debug\bigproject.tlog\link.write.1.tlog
