c:\users\ziwei zhu\documents\visual studio 2015\projects\bigproject\bigproject\x64\release\tools.nativecodeanalysis.xml
c:\users\ziwei zhu\documents\visual studio 2015\projects\bigproject\bigproject\x64\release\surface.nativecodeanalysis.xml
c:\users\ziwei zhu\documents\visual studio 2015\projects\bigproject\bigproject\x64\release\sphere.nativecodeanalysis.xml
c:\users\ziwei zhu\documents\visual studio 2015\projects\bigproject\bigproject\x64\release\raytracingscene.nativecodeanalysis.xml
c:\users\ziwei zhu\documents\visual studio 2015\projects\bigproject\bigproject\x64\release\point3.nativecodeanalysis.xml
c:\users\ziwei zhu\documents\visual studio 2015\projects\bigproject\bigproject\x64\release\paintview.nativecodeanalysis.xml
c:\users\ziwei zhu\documents\visual studio 2015\projects\bigproject\bigproject\x64\release\mesh.nativecodeanalysis.xml
c:\users\ziwei zhu\documents\visual studio 2015\projects\bigproject\bigproject\x64\release\mainwindow.nativecodeanalysis.xml
c:\users\ziwei zhu\documents\visual studio 2015\projects\bigproject\bigproject\x64\release\main.nativecodeanalysis.xml
c:\users\ziwei zhu\documents\visual studio 2015\projects\bigproject\bigproject\x64\release\geometry.nativecodeanalysis.xml
c:\users\ziwei zhu\documents\visual studio 2015\projects\bigproject\bigproject\x64\release\moc_raytracingscene.nativecodeanalysis.xml
c:\users\ziwei zhu\documents\visual studio 2015\projects\bigproject\bigproject\x64\release\moc_paintview.nativecodeanalysis.xml
c:\users\ziwei zhu\documents\visual studio 2015\projects\bigproject\bigproject\x64\release\moc_mainwindow.nativecodeanalysis.xml
c:\users\ziwei zhu\documents\visual studio 2015\projects\bigproject\bigproject\x64\release\easylogging++.nativecodeanalysis.xml
c:\users\ziwei zhu\documents\visual studio 2015\projects\bigproject\bigproject\x64\release\cuboid.nativecodeanalysis.xml
c:\users\ziwei zhu\documents\visual studio 2015\projects\bigproject\bigproject\x64\release\bessel.nativecodeanalysis.xml
c:\users\ziwei zhu\documents\visual studio 2015\projects\bigproject\bigproject\x64\release\bessel.obj
c:\users\ziwei zhu\documents\visual studio 2015\projects\bigproject\bigproject\x64\release\cuboid.obj
c:\users\ziwei zhu\documents\visual studio 2015\projects\bigproject\bigproject\x64\release\easylogging++.obj
c:\users\ziwei zhu\documents\visual studio 2015\projects\bigproject\bigproject\x64\release\moc_mainwindow.obj
c:\users\ziwei zhu\documents\visual studio 2015\projects\bigproject\bigproject\x64\release\moc_paintview.obj
c:\users\ziwei zhu\documents\visual studio 2015\projects\bigproject\bigproject\x64\release\moc_raytracingscene.obj
c:\users\ziwei zhu\documents\visual studio 2015\projects\bigproject\bigproject\x64\release\geometry.obj
c:\users\ziwei zhu\documents\visual studio 2015\projects\bigproject\bigproject\x64\release\main.obj
c:\users\ziwei zhu\documents\visual studio 2015\projects\bigproject\bigproject\x64\release\mainwindow.obj
c:\users\ziwei zhu\documents\visual studio 2015\projects\bigproject\bigproject\x64\release\mesh.obj
c:\users\ziwei zhu\documents\visual studio 2015\projects\bigproject\bigproject\x64\release\paintview.obj
c:\users\ziwei zhu\documents\visual studio 2015\projects\bigproject\bigproject\x64\release\point3.obj
c:\users\ziwei zhu\documents\visual studio 2015\projects\bigproject\bigproject\x64\release\raytracingscene.obj
c:\users\ziwei zhu\documents\visual studio 2015\projects\bigproject\bigproject\x64\release\sphere.obj
c:\users\ziwei zhu\documents\visual studio 2015\projects\bigproject\bigproject\x64\release\surface.obj
c:\users\ziwei zhu\documents\visual studio 2015\projects\bigproject\bigproject\x64\release\tools.obj
c:\users\ziwei zhu\documents\visual studio 2015\projects\bigproject\bigproject\x64\release\material.obj
c:\users\ziwei zhu\documents\visual studio 2015\projects\bigproject\bigproject\x64\release\qrc_mainwindow.obj
c:\users\ziwei zhu\documents\visual studio 2015\projects\bigproject\bigproject\x64\release\triangle.obj
c:\users\ziwei zhu\documents\visual studio 2015\projects\bigproject\bigproject\x64\release\polygonal.obj
c:\users\ziwei zhu\documents\visual studio 2015\projects\bigproject\bigproject\x64\release\rotationbesselsurface.obj
c:\users\ziwei zhu\documents\visual studio 2015\projects\bigproject\bigproject\x64\release\meshsurface.obj
c:\users\ziwei zhu\documents\visual studio 2015\projects\bigproject\bigproject\generatedfiles\release\moc_mainwindow.cpp
c:\users\ziwei zhu\documents\visual studio 2015\projects\bigproject\bigproject\generatedfiles\ui_mainwindow.h
c:\users\ziwei zhu\documents\visual studio 2015\projects\bigproject\bigproject\generatedfiles\release\moc_paintview.cpp
c:\users\ziwei zhu\documents\visual studio 2015\projects\bigproject\bigproject\generatedfiles\qrc_mainwindow.cpp
c:\users\ziwei zhu\documents\visual studio 2015\projects\bigproject\bigproject\generatedfiles\release\moc_raytracingscene.cpp
c:\users\ziwei zhu\documents\visual studio 2015\projects\bigproject\x64\release\bigproject.exe
c:\users\ziwei zhu\documents\visual studio 2015\projects\bigproject\bigproject\x64\release\nativecodeanalysis.read.1.tlog
c:\users\ziwei zhu\documents\visual studio 2015\projects\bigproject\bigproject\x64\release\qrc_mainwindow.nativecodeanalysis.xml
c:\users\ziwei zhu\documents\visual studio 2015\projects\bigproject\bigproject\x64\release\vc.nativecodeanalysis.all.xml
c:\users\ziwei zhu\documents\visual studio 2015\projects\bigproject\x64\release\bigproject.exe.lastcodeanalysissucceeded
c:\users\ziwei zhu\documents\visual studio 2015\projects\bigproject\bigproject\x64\release\bigproject.tlog\cl.command.1.tlog
c:\users\ziwei zhu\documents\visual studio 2015\projects\bigproject\bigproject\x64\release\bigproject.tlog\cl.read.1.tlog
c:\users\ziwei zhu\documents\visual studio 2015\projects\bigproject\bigproject\x64\release\bigproject.tlog\cl.write.1.tlog
c:\users\ziwei zhu\documents\visual studio 2015\projects\bigproject\bigproject\x64\release\bigproject.tlog\custombuild.command.1.tlog
c:\users\ziwei zhu\documents\visual studio 2015\projects\bigproject\bigproject\x64\release\bigproject.tlog\custombuild.read.1.tlog
c:\users\ziwei zhu\documents\visual studio 2015\projects\bigproject\bigproject\x64\release\bigproject.tlog\custombuild.write.1.tlog
c:\users\ziwei zhu\documents\visual studio 2015\projects\bigproject\bigproject\x64\release\bigproject.tlog\link.command.1.tlog
c:\users\ziwei zhu\documents\visual studio 2015\projects\bigproject\bigproject\x64\release\bigproject.tlog\link.read.1.tlog
c:\users\ziwei zhu\documents\visual studio 2015\projects\bigproject\bigproject\x64\release\bigproject.tlog\link.write.1.tlog
